Transaction Info [2024-10-24T04:29:24.769Z]:
{
address: 0x18cbb5c012059735b155cE2394B41F95FA12Ef33
eventName: distributeERC20 to #[0, 100)
txHash: 0x01c3eba0c061996b6910cd667114392455e33ee16609c356b37fc102f2b3e85a
timestamp: 2024-10-24T04:29:24.769Z
}
Transaction Info [2024-10-24T04:29:36.480Z]:
{
address: 0x18cbb5c012059735b155cE2394B41F95FA12Ef33
eventName: distributeERC20 to #[100, 200)
txHash: 0x0299d271df750815814deffee5d175e5e41eb01eae4d3cb746b51f57a416e8d3
timestamp: 2024-10-24T04:29:36.480Z
}
Transaction Info [2024-10-24T04:29:47.686Z]:
{
address: 0x18cbb5c012059735b155cE2394B41F95FA12Ef33
eventName: distributeERC20 to #[200, 300)
txHash: 0xd5c21af3815183c2a2e263f2a84f9125a6ada10ed00115b679db6181b58083ff
timestamp: 2024-10-24T04:29:47.686Z
}
Transaction Info [2024-10-24T04:29:58.713Z]:
{
address: 0x18cbb5c012059735b155cE2394B41F95FA12Ef33
eventName: distributeERC20 to #[300, 400)
txHash: 0xc9b99911f030bd23ab742f42fbacfa4b477a70664c1c19193201308fb46595dd
timestamp: 2024-10-24T04:29:58.713Z
}
Transaction Info [2024-10-24T04:30:09.268Z]:
{
address: 0x18cbb5c012059735b155cE2394B41F95FA12Ef33
eventName: distributeERC20 to #[400, 500)
txHash: 0xe99523faf3a3fc5e284404e2958933f575f7ae79ee1f08ac281eac34c2a96b81
timestamp: 2024-10-24T04:30:09.268Z
}
Transaction Info [2024-10-24T04:30:19.110Z]:
{
address: 0x18cbb5c012059735b155cE2394B41F95FA12Ef33
eventName: distributeERC20 to #[500, 600)
txHash: 0xad6f2677618be5eced8d7360bd3b976a85bcfa45ae197741bdd4d7cfc72e5136
timestamp: 2024-10-24T04:30:19.110Z
}
Transaction Info [2024-10-24T04:30:28.533Z]:
{
address: 0x18cbb5c012059735b155cE2394B41F95FA12Ef33
eventName: distributeERC20 to #[600, 700)
txHash: 0x7892b35d9248a2b8e7cf15491727289d01c8a816c27e08aedde4cf6b90619d02
timestamp: 2024-10-24T04:30:28.533Z
}
Transaction Info [2024-10-24T04:30:39.059Z]:
{
address: 0x18cbb5c012059735b155cE2394B41F95FA12Ef33
eventName: distributeERC20 to #[700, 800)
txHash: 0x429152d73521f6f9e1a1cd2c29cf1d2e0a612969142ea0390d8bd9fb82ae4912
timestamp: 2024-10-24T04:30:39.059Z
}
Transaction Info [2024-10-24T04:30:49.043Z]:
{
address: 0x18cbb5c012059735b155cE2394B41F95FA12Ef33
eventName: distributeERC20 to #[800, 884)
txHash: 0xb43620334bc6a07392399fa3c108272b0fd16c9dbb79d1f34dae87d83956240c
timestamp: 2024-10-24T04:30:49.043Z
}
